2024-05-14T13:39:56.581Z [error]: uncaughtException: supabaseUrl is required.
Error: supabaseUrl is required.
    at new SupabaseClient (C:\Users\jmart\APP-DEV\express-server-main\node_modules\@supabase\supabase-js\src\SupabaseClient.ts:84:29)
    at createClient (C:\Users\jmart\APP-DEV\express-server-main\node_modules\@supabase\supabase-js\src\index.ts:38:10)
    at Object.<anonymous> (C:\Users\jmart\APP-DEV\express-server-main\src\index.ts:96:30)
    at Module._compile (node:internal/modules/cjs/loader:1241:14)
    at Module.m._compile (C:\Users\jmart\APP-DEV\express-server-main\node_modules\ts-node\src\index.ts:1618:23)
    at Module._extensions..js (node:internal/modules/cjs/loader:1295:10)
    at Object.require.extensions.<computed> [as .ts] (C:\Users\jmart\APP-DEV\express-server-main\node_modules\ts-node\src\index.ts:1621:12)
    at Module.load (node:internal/modules/cjs/loader:1091:32)
    at Function.Module._load (node:internal/modules/cjs/loader:938:12)
    at Function.executeUserEntryPoint [as runMain] (node:internal/modules/run_main:83:12)
2024-05-14T13:40:15.250Z [error]: uncaughtException: supabaseUrl is required.
Error: supabaseUrl is required.
    at new SupabaseClient (C:\Users\jmart\APP-DEV\express-server-main\node_modules\@supabase\supabase-js\src\SupabaseClient.ts:84:29)
    at createClient (C:\Users\jmart\APP-DEV\express-server-main\node_modules\@supabase\supabase-js\src\index.ts:38:10)
    at Object.<anonymous> (C:\Users\jmart\APP-DEV\express-server-main\src\index.ts:96:30)
    at Module._compile (node:internal/modules/cjs/loader:1241:14)
    at Module.m._compile (C:\Users\jmart\APP-DEV\express-server-main\node_modules\ts-node\src\index.ts:1618:23)
    at Module._extensions..js (node:internal/modules/cjs/loader:1295:10)
    at Object.require.extensions.<computed> [as .ts] (C:\Users\jmart\APP-DEV\express-server-main\node_modules\ts-node\src\index.ts:1621:12)
    at Module.load (node:internal/modules/cjs/loader:1091:32)
    at Function.Module._load (node:internal/modules/cjs/loader:938:12)
    at Function.executeUserEntryPoint [as runMain] (node:internal/modules/run_main:83:12)
2024-05-14T13:43:27.065Z [error]: uncaughtException: supabaseUrl is required.
Error: supabaseUrl is required.
    at new SupabaseClient (C:\Users\jmart\APP-DEV\express-server-main\node_modules\@supabase\supabase-js\src\SupabaseClient.ts:84:29)
    at createClient (C:\Users\jmart\APP-DEV\express-server-main\node_modules\@supabase\supabase-js\src\index.ts:38:10)
    at Object.<anonymous> (C:\Users\jmart\APP-DEV\express-server-main\src\index.ts:96:30)
    at Module._compile (node:internal/modules/cjs/loader:1241:14)
    at Module.m._compile (C:\Users\jmart\APP-DEV\express-server-main\node_modules\ts-node\src\index.ts:1618:23)
    at Module._extensions..js (node:internal/modules/cjs/loader:1295:10)
    at Object.require.extensions.<computed> [as .ts] (C:\Users\jmart\APP-DEV\express-server-main\node_modules\ts-node\src\index.ts:1621:12)
    at Module.load (node:internal/modules/cjs/loader:1091:32)
    at Function.Module._load (node:internal/modules/cjs/loader:938:12)
    at Function.executeUserEntryPoint [as runMain] (node:internal/modules/run_main:83:12)
2024-05-14T13:46:38.357Z [error]: uncaughtException: supabaseUrl is required.
Error: supabaseUrl is required.
    at new SupabaseClient (C:\Users\jmart\APP-DEV\express-server-main\node_modules\@supabase\supabase-js\src\SupabaseClient.ts:84:29)
    at createClient (C:\Users\jmart\APP-DEV\express-server-main\node_modules\@supabase\supabase-js\src\index.ts:38:10)
    at Object.<anonymous> (C:\Users\jmart\APP-DEV\express-server-main\src\index.ts:99:30)
    at Module._compile (node:internal/modules/cjs/loader:1241:14)
    at Module.m._compile (C:\Users\jmart\APP-DEV\express-server-main\node_modules\ts-node\src\index.ts:1618:23)
    at Module._extensions..js (node:internal/modules/cjs/loader:1295:10)
    at Object.require.extensions.<computed> [as .ts] (C:\Users\jmart\APP-DEV\express-server-main\node_modules\ts-node\src\index.ts:1621:12)
    at Module.load (node:internal/modules/cjs/loader:1091:32)
    at Function.Module._load (node:internal/modules/cjs/loader:938:12)
    at Function.executeUserEntryPoint [as runMain] (node:internal/modules/run_main:83:12)
2024-05-14T13:49:14.950Z [error]: uncaughtException: supabaseUrl is required.
Error: supabaseUrl is required.
    at new SupabaseClient (C:\Users\jmart\APP-DEV\express-server-main\node_modules\@supabase\supabase-js\src\SupabaseClient.ts:74:29)
    at createClient (C:\Users\jmart\APP-DEV\express-server-main\node_modules\@supabase\supabase-js\src\index.ts:40:10)
    at Object.<anonymous> (C:\Users\jmart\APP-DEV\express-server-main\src\index.ts:99:30)
    at Module._compile (node:internal/modules/cjs/loader:1241:14)
    at Module.m._compile (C:\Users\jmart\APP-DEV\express-server-main\node_modules\ts-node\src\index.ts:1618:23)
    at Module._extensions..js (node:internal/modules/cjs/loader:1295:10)
    at Object.require.extensions.<computed> [as .ts] (C:\Users\jmart\APP-DEV\express-server-main\node_modules\ts-node\src\index.ts:1621:12)
    at Module.load (node:internal/modules/cjs/loader:1091:32)
    at Function.Module._load (node:internal/modules/cjs/loader:938:12)
    at Function.executeUserEntryPoint [as runMain] (node:internal/modules/run_main:83:12)
2024-05-14T13:51:33.840Z [error]: uncaughtException: supabaseUrl is required.
Error: supabaseUrl is required.
    at new SupabaseClient (C:\Users\jmart\APP-DEV\express-server-main\node_modules\@supabase\supabase-js\src\SupabaseClient.ts:74:29)
    at createClient (C:\Users\jmart\APP-DEV\express-server-main\node_modules\@supabase\supabase-js\src\index.ts:40:10)
    at Object.<anonymous> (C:\Users\jmart\APP-DEV\express-server-main\src\index.ts:99:30)
    at Module._compile (node:internal/modules/cjs/loader:1241:14)
    at Module.m._compile (C:\Users\jmart\APP-DEV\express-server-main\node_modules\ts-node\src\index.ts:1618:23)
    at Module._extensions..js (node:internal/modules/cjs/loader:1295:10)
    at Object.require.extensions.<computed> [as .ts] (C:\Users\jmart\APP-DEV\express-server-main\node_modules\ts-node\src\index.ts:1621:12)
    at Module.load (node:internal/modules/cjs/loader:1091:32)
    at Function.Module._load (node:internal/modules/cjs/loader:938:12)
    at Function.executeUserEntryPoint [as runMain] (node:internal/modules/run_main:83:12)
